Symlinking /home/user2/catkin_ws/devel/lib/python3/dist-packages/yolov5_pytorch_ros/__init__.py
Symlinking /home/user2/catkin_ws/devel/lib/python3/dist-packages/yolov5_pytorch_ros/msg/_BoundingBoxes.py
Symlinking /home/user2/catkin_ws/devel/lib/python3/dist-packages/yolov5_pytorch_ros/msg/__init__.py
Symlinking /home/user2/catkin_ws/devel/lib/python3/dist-packages/yolov5_pytorch_ros/msg/_BoundingBox.py
Symlinking /home/user2/catkin_ws/devel/lib/pkgconfig/yolov5_pytorch_ros.pc
Symlinking /home/user2/catkin_ws/devel/share/gennodejs/ros/yolov5_pytorch_ros/_index.js
Symlinking /home/user2/catkin_ws/devel/share/gennodejs/ros/yolov5_pytorch_ros/msg/BoundingBoxes.js
Symlinking /home/user2/catkin_ws/devel/share/gennodejs/ros/yolov5_pytorch_ros/msg/BoundingBox.js
Symlinking /home/user2/catkin_ws/devel/share/gennodejs/ros/yolov5_pytorch_ros/msg/_index.js
Symlinking /home/user2/catkin_ws/devel/share/common-lisp/ros/yolov5_pytorch_ros/msg/_package_BoundingBoxes.lisp
Symlinking /home/user2/catkin_ws/devel/share/common-lisp/ros/yolov5_pytorch_ros/msg/BoundingBox.lisp
Symlinking /home/user2/catkin_ws/devel/share/common-lisp/ros/yolov5_pytorch_ros/msg/_package_BoundingBox.lisp
Symlinking /home/user2/catkin_ws/devel/share/common-lisp/ros/yolov5_pytorch_ros/msg/yolov5_pytorch_ros-msg.asd
Symlinking /home/user2/catkin_ws/devel/share/common-lisp/ros/yolov5_pytorch_ros/msg/_package.lisp
Symlinking /home/user2/catkin_ws/devel/share/common-lisp/ros/yolov5_pytorch_ros/msg/BoundingBoxes.lisp
Symlinking /home/user2/catkin_ws/devel/share/roseus/ros/yolov5_pytorch_ros/manifest.l
Symlinking /home/user2/catkin_ws/devel/share/roseus/ros/yolov5_pytorch_ros/msg/BoundingBox.l
Symlinking /home/user2/catkin_ws/devel/share/roseus/ros/yolov5_pytorch_ros/msg/BoundingBoxes.l
Symlinking /home/user2/catkin_ws/devel/share/yolov5_pytorch_ros/cmake/yolov5_pytorch_ros-msg-paths.cmake
Symlinking /home/user2/catkin_ws/devel/share/yolov5_pytorch_ros/cmake/yolov5_pytorch_rosConfig-version.cmake
Symlinking /home/user2/catkin_ws/devel/share/yolov5_pytorch_ros/cmake/yolov5_pytorch_ros-msg-extras.cmake
Symlinking /home/user2/catkin_ws/devel/share/yolov5_pytorch_ros/cmake/yolov5_pytorch_rosConfig.cmake
Symlinking /home/user2/catkin_ws/devel/include/yolov5_pytorch_ros/BoundingBoxes.h
Symlinking /home/user2/catkin_ws/devel/include/yolov5_pytorch_ros/BoundingBox.h
