[  0%] Built target std_msgs_generate_messages_eus
[  0%] Built target geometry_msgs_generate_messages_eus
[  0%] Built target std_msgs_generate_messages_py
[  0%] Built target sensor_msgs_generate_messages_eus
[  0%] Built target geometry_msgs_generate_messages_py
[  0%] Built target sensor_msgs_generate_messages_nodejs
[  0%] Built target sensor_msgs_generate_messages_py
[  0%] Built target geometry_msgs_generate_messages_nodejs
[  0%] Built target _yolov5_pytorch_ros_generate_messages_check_deps_BoundingBoxes
[  0%] Built target _yolov5_pytorch_ros_generate_messages_check_deps_BoundingBox
[  0%] Built target std_msgs_generate_messages_lisp
[  0%] Built target sensor_msgs_generate_messages_lisp
[  0%] Built target std_msgs_generate_messages_nodejs
[  0%] Built target geometry_msgs_generate_messages_lisp
[  0%] Built target geometry_msgs_generate_messages_cpp
[  0%] Built target std_msgs_generate_messages_cpp
[  0%] Built target sensor_msgs_generate_messages_cpp
[ 33%] [34m[1mGenerating Python from MSG yolov5_pytorch_ros/BoundingBox[0m
[ 33%] [34m[1mGenerating Lisp code from yolov5_pytorch_ros/BoundingBoxes.msg[0m
[ 33%] [34m[1mGenerating Lisp code from yolov5_pytorch_ros/BoundingBox.msg[0m
[ 41%] [34m[1mGenerating Javascript code from yolov5_pytorch_ros/BoundingBox.msg[0m
[ 41%] [34m[1mGenerating EusLisp code from yolov5_pytorch_ros/BoundingBox.msg[0m
[ 50%] [34m[1mGenerating C++ code from yolov5_pytorch_ros/BoundingBox.msg[0m
[ 58%] [34m[1mGenerating Javascript code from yolov5_pytorch_ros/BoundingBoxes.msg[0m
[ 58%] Built target yolov5_pytorch_ros_generate_messages_lisp
[ 66%] [34m[1mGenerating Python from MSG yolov5_pytorch_ros/BoundingBoxes[0m
[ 75%] [34m[1mGenerating C++ code from yolov5_pytorch_ros/BoundingBoxes.msg[0m
[ 83%] [34m[1mGenerating EusLisp code from yolov5_pytorch_ros/BoundingBoxes.msg[0m
[ 83%] Built target yolov5_pytorch_ros_generate_messages_nodejs
[ 91%] Built target yolov5_pytorch_ros_generate_messages_eus
[ 91%] Built target yolov5_pytorch_ros_generate_messages_cpp
[100%] [34m[1mGenerating Python msg __init__.py for yolov5_pytorch_ros[0m
[100%] Built target yolov5_pytorch_ros_generate_messages_py
[100%] Built target yolov5_pytorch_ros_generate_messages
